
     | | | | | | |
   _________________
  -|               |-
  -|               |-
  -|               |-
  -|    CYPRESS    |-
  -|               |-
  -|               |-   Warp VHDL Synthesis Compiler: Version 6.3 IR 35
  -|               |-   Copyright (C) 1991-2001 Cypress Semiconductor
   |_______________|
     | | | | | | |

======================================================================
Compiling:  cod83.vhd
Options:    -m -yu -e10 -w100 -o2 -ygs -fP -v10 -dc22v10 -ppalc22v10d-25pc -b cod83.vhd -u COD83.hie
======================================================================

vhdlfe V6.3 IR 35:  VHDL parser
Thu Oct 27 01:21:17 2016

Library 'work' => directory 'lc22v10'
Linking 'C:\Archivos de programa\Cypress\Warp\bin\std.vhd'.
Linking 'C:\Archivos de programa\Cypress\Warp\lib\common\cypress.vhd'.
Linking 'C:\Archivos de programa\Cypress\Warp\lib\common\work\cypress.vif'.
Library 'ieee' => directory 'C:\Archivos de programa\Cypress\Warp\lib\ieee\work'
Linking 'C:\Archivos de programa\Cypress\Warp\lib\ieee\work\stdlogic.vif'.

vhdlfe:  No errors.


tovif V6.3 IR 35:  High-level synthesis
Thu Oct 27 01:21:17 2016

Linking 'C:\Archivos de programa\Cypress\Warp\bin\std.vhd'.
Linking 'C:\Archivos de programa\Cypress\Warp\lib\common\cypress.vhd'.
Linking 'C:\Archivos de programa\Cypress\Warp\lib\common\work\cypress.vif'.
Linking 'C:\Archivos de programa\Cypress\Warp\lib\ieee\work\stdlogic.vif'.

tovif:  No errors.


topld V6.3 IR 35:  Synthesis and optimization
Thu Oct 27 01:21:17 2016

Linking 'C:\Archivos de programa\Cypress\Warp\bin\std.vhd'.
Linking 'C:\Archivos de programa\Cypress\Warp\lib\common\cypress.vhd'.
Linking 'C:\Archivos de programa\Cypress\Warp\lib\common\work\cypress.vif'.
Linking 'C:\Archivos de programa\Cypress\Warp\lib\ieee\work\stdlogic.vif'.

----------------------------------------------------------
Detecting unused logic.
----------------------------------------------------------



------------------------------------------------------
Alias Detection
------------------------------------------------------

------------------------------------------------------
Aliased 0 equations, 0 wires.
------------------------------------------------------

----------------------------------------------------------
Circuit simplification
----------------------------------------------------------

----------------------------------------------------------
Circuit simplification results:

	Expanded 0 signals.
	Turned 0 signals into soft nodes.
	Maximum default expansion cost was set at 10.
----------------------------------------------------------
Created 11 PLD nodes.

topld:  No errors.

----------------------------------------------------------------------------
PLD Optimizer Software:       DSGNOPT.EXE    31/03/2000  [v4.02 ] 6.3 IR 35

DESIGN HEADER INFORMATION  (01:21:18)

Input File(s): cod83.pla
Device       : C22V10
Package      : palc22v10d-25pc
ReportFile   : cod83.rpt

Program Controls:
    COMMAND LANGUAGE_VHDL 
    COMMAND PROPERTY BUS_HOLD ENABLE 

Signal Requests:
    GROUP USEPOL ALL
    GROUP FAST_SLEW ALL

Completed Successfully  
----------------------------------------------------------------------------
PLD Optimizer Software:       DSGNOPT.EXE    31/03/2000  [v4.02 ] 6.3 IR 35

OPTIMIZATION OPTIONS       (01:21:18)

Messages:
  Information: Optimizing logic using best output polarity for signals:
         a(0) a(1) a(2)



Summary:
                 Error Count = 0      Warning Count = 0

Completed Successfully  
----------------------------------------------------------------------------
PLD Optimizer Software:       MINOPT.EXE     01/NOV/1999  [v4.02 ] 6.3 IR 35

LOGIC MINIMIZATION         ()

Messages:


Summary:
                 Error Count = 0      Warning Count = 0

Completed Successfully
----------------------------------------------------------------------------
PLD Optimizer Software:       DSGNOPT.EXE    31/03/2000  [v4.02 ] 6.3 IR 35

OPTIMIZATION OPTIONS       (01:21:18)

Messages:
  Information: Optimizing Banked Preset/Reset requirements.


Summary:
                 Error Count = 0      Warning Count = 0

Completed Successfully  
----------------------------------------------------------------------------
PLD Compiler Software:        PLA2JED.EXE    31/03/2000  [v4.02 ] 6.3 IR 35

<CYPRESSTAG name="Equations" icon=FILE_RPT_EQUATION>
DESIGN EQUATIONS           (01:21:18)
</CYPRESSTAG>

    a(0) =
          /i(0) * /i(1) * /i(2) * /i(3) * /i(4) * /i(5) * i(6) * /i(7) 
        + /i(0) * /i(1) * /i(2) * /i(3) * i(4) * /i(5) * /i(6) * /i(7) 
        + /i(0) * /i(1) * i(2) * /i(3) * /i(4) * /i(5) * /i(6) * /i(7) 
        + i(0) * /i(1) * /i(2) * /i(3) * /i(4) * /i(5) * /i(6) * /i(7) 

    a(1) =
          /i(0) * /i(1) * /i(2) * /i(3) * i(4) * /i(5) * /i(6) * /i(7) 
        + i(0) * /i(1) * /i(2) * /i(3) * /i(4) * /i(5) * /i(6) * /i(7) 
        + /i(0) * /i(1) * /i(2) * /i(3) * /i(4) * i(5) * /i(6) * /i(7) 
        + /i(0) * i(1) * /i(2) * /i(3) * /i(4) * /i(5) * /i(6) * /i(7) 

    a(2) =
          /i(0) * /i(1) * i(2) * /i(3) * /i(4) * /i(5) * /i(6) * /i(7) 
        + i(0) * /i(1) * /i(2) * /i(3) * /i(4) * /i(5) * /i(6) * /i(7) 
        + /i(0) * i(1) * /i(2) * /i(3) * /i(4) * /i(5) * /i(6) * /i(7) 
        + /i(0) * /i(1) * /i(2) * i(3) * /i(4) * /i(5) * /i(6) * /i(7) 


Completed Successfully  
----------------------------------------------------------------------------
PLD Compiler Software:        PLA2JED.EXE    31/03/2000  [v4.02 ] 6.3 IR 35

DESIGN RULE CHECK          (01:21:18)

Messages:
                 None.


Summary:
                 Error Count = 0      Warning Count = 0

Completed Successfully  
----------------------------------------------------------------------------
PLD Compiler Software:        PLA2JED.EXE    31/03/2000  [v4.02 ] 6.3 IR 35

<CYPRESSTAG name="Pinout" icon=FILE_RPT_PINOUT>
PINOUT INFORMATION   (01:21:18)
</CYPRESSTAG>
Messages:
  Information: All signals pre-placed in user design.


                                 C22V10
                 __________________________________________
       not used *| 1|                                  |24|* not used       
           i(0) =| 2|                                  |23|* not used       
           i(1) =| 3|                                  |22|* not used       
           i(2) =| 4|                                  |21|* not used       
           i(3) =| 5|                                  |20|* not used       
           i(4) =| 6|                                  |19|* not used       
           i(5) =| 7|                                  |18|* not used       
           i(6) =| 8|                                  |17|* not used       
           i(7) =| 9|                                  |16|= a(0)           
       not used *|10|                                  |15|= a(1)           
       not used *|11|                                  |14|= a(2)           
       not used *|12|                                  |13|* not used       
                 __________________________________________


Summary:
                 Error Count = 0      Warning Count = 0

Completed Successfully  
  Information: Checking for duplicate NODE logic.
----------------------------------------------------------------------------
PLD Compiler Software:        PLA2JED.EXE    31/03/2000  [v4.02 ] 6.3 IR 35

<CYPRESSTAG name="Utilization" icon=FILE_RPT_UTILIZATION>
RESOURCE UTILIZATION (01:21:18)
</CYPRESSTAG>
  Information: Macrocell Utilization.

                     Description        Used     Max
                 ______________________________________
                 | Dedicated Inputs   |    8  |   11  |
                 | Clock/Inputs       |    0  |    1  |
                 | I/O Macrocells     |    3  |   10  |
                 ______________________________________
                                          11  /   22   = 50  %


  Information: Output Logic Product Term Utilization.

                  Node#  Output Signal Name  Used   Max
                 ________________________________________
                 | 14  |  a(2)            |   4  |   8  |
                 | 15  |  a(1)            |   4  |  10  |
                 | 16  |  a(0)            |   4  |  12  |
                 | 17  |  Unused          |   0  |  14  |
                 | 18  |  Unused          |   0  |  16  |
                 | 19  |  Unused          |   0  |  16  |
                 | 20  |  Unused          |   0  |  14  |
                 | 21  |  Unused          |   0  |  12  |
                 | 22  |  Unused          |   0  |  10  |
                 | 23  |  Unused          |   0  |   8  |
                 | 25  |  Unused          |   0  |   1  |
                 ________________________________________
                                             12  / 121   = 9   %


Completed Successfully  
----------------------------------------------------------------------------
PLD Compiler Software:        PLA2JED.EXE    31/03/2000  [v4.02 ] 6.3 IR 35

JEDEC ASSEMBLE             (01:21:18)

Messages:
  Information: Output file 'cod83.pin' created.
  Information: Output file 'cod83.jed' created.

  Usercode:    
  Checksum:    4C92



Summary:
                 Error Count = 0      Warning Count = 0

Completed Successfully at 01:21:18
